Importer Log Report
Project : adafruit.PrjPcb

Section : Analyze Document - C:\Users\Sam\Desktop\adafruit-Adafruit-Eagle-Library-4abf84c\adafruit.lbr
    Analyzing data of C:\Users\Sam\Desktop\adafruit-Adafruit-Eagle-Library-4abf84c\adafruit.lbr
    Load settings
    Load layers 143
    Load Library library
    Load Library ""
    Load Packages 643
    Load Symbols 206
    Load DeviceSets 199
EndSection

Section : Import Document - C:\Users\Sam\Desktop\adafruit-Adafruit-Eagle-Library-4abf84c\adafruit.lbr
    Circles with holes do not supported for rooms!
    Circles with holes do not supported for rooms!
    Circles with holes do not supported for rooms!
    Circles with holes do not supported for rooms!
    Circles with holes do not supported for rooms!
    Circles with holes do not supported for rooms!
    Circles with holes do not supported for rooms!
    Circles with holes do not supported for rooms!
    Circles with holes do not supported for rooms!
    Circles with holes do not supported for rooms!
EndSection
