Importer Log Report
Project : adafruit.PrjPcb

Section : Analyze Document - C:\Users\mbdssysm\Dropbox (The University of Manchester)\Electronics Section\Altium\Components\Adafruit\Adafruit-Eagle-Library-master\adafruit.lbr
    Analyzing data of C:\Users\mbdssysm\Dropbox (The University of Manchester)\Electronics Section\Altium\Components\Adafruit\Adafruit-Eagle-Library-master\adafruit.lbr
    Load settings
    Load layers 143
    Load Library library
    Load Library ""
    Load Packages 643
    Load Symbols 206
    Load DeviceSets 199
EndSection

Section : Import Document - C:\Users\mbdssysm\Dropbox (The University of Manchester)\Electronics Section\Altium\Components\Adafruit\Adafruit-Eagle-Library-master\adafruit.lbr
    Circles with holes do not supported for rooms!
    Circles with holes do not supported for rooms!
    Circles with holes do not supported for rooms!
    Circles with holes do not supported for rooms!
    Circles with holes do not supported for rooms!
    Circles with holes do not supported for rooms!
    Circles with holes do not supported for rooms!
    Circles with holes do not supported for rooms!
    Circles with holes do not supported for rooms!
    Circles with holes do not supported for rooms!
EndSection
